[Sat Aug  3 11:17:37 2024] [INFO] Application Started
[Sat Aug  3 11:17:42 2024] [INFO] Clicked button : Sphere_1

[Sat Aug  3 11:57:53 2024] [INFO] Applicarion started
[Sat Aug  3 11:58:00 2024] [INFO] Clicked button : Sphere_0

[Sat Aug  3 11:58:01 2024] [INFO] Clicked button : Sphere_1

[Sat Aug  3 11:58:01 2024] [INFO] Clicked button : Cube_3

[Sat Aug  3 11:58:01 2024] [INFO] Clicked button : Cube_2

[Sat Aug  3 12:00:08 2024] [INFO] GLFW Initialized
[Sat Aug  3 12:00:08 2024] [INFO] Applicarion started
[Sat Aug  3 12:00:12 2024] [INFO] Clicked button : Cube_2

[Sat Aug  3 12:00:12 2024] [INFO] Clicked button : Sphere_1

[Sat Aug  3 12:10:40 2024] [INFO] GLFW Initialized
[Sat Aug  3 12:10:40 2024] [INFO] Applicarion started
[Sat Aug  3 12:11:14 2024] [INFO] GLFW Initialized
[Sat Aug  3 12:11:14 2024] [INFO] Applicarion started
[Sat Aug  3 12:14:53 2024] [INFO] GLFW Initialized
[Sat Aug  3 12:14:53 2024] [INFO] Applicarion started
[Sat Aug  3 12:20:28 2024] [INFO] GLFW Initialized
[Sat Aug  3 12:20:28 2024] [ERROR] ERROR::Shader::VERTEX::COMPILATION_FAILED

[Sat Aug  3 12:20:28 2024] [INFO] Applicarion started
[Sat Aug  3 12:20:28 2024] [ERROR] Failed to load file for read
[Sat Aug  3 12:20:28 2024] [ERROR] Failed to load file for read
[Sat Aug  3 12:35:24 2024] [INFO] GLFW Initialized
[Sat Aug  3 12:35:24 2024] [INFO] Applicarion started
[Sat Aug  3 12:35:24 2024] [INFO] Processing Children Node0
[Sat Aug  3 12:35:24 2024] [INFO] Processing Main Node0
[Sat Aug  3 12:35:24 2024] [INFO] IBO Count36
[Sat Aug  3 12:35:24 2024] [INFO] Processing Children Node0
[Sat Aug  3 12:35:24 2024] [INFO] Processing Main Node0
[Sat Aug  3 12:35:24 2024] [INFO] IBO Count2880
[Sat Aug  3 12:40:27 2024] [INFO] 

GLFW Initialized
[Sat Aug  3 12:40:27 2024] [INFO] Application started
[Sat Aug  3 12:40:27 2024] [INFO] Processing Children Node : 0
[Sat Aug  3 12:40:27 2024] [INFO] Processing Main Node : 0
[Sat Aug  3 12:40:27 2024] [INFO] IBO Count : 36
[Sat Aug  3 12:40:27 2024] [INFO] Processing Children Node : 0
[Sat Aug  3 12:40:27 2024] [INFO] Processing Main Node : 0
[Sat Aug  3 12:40:27 2024] [INFO] IBO Count : 2880
[Sat Aug  3 12:40:27 2024] [ERROR] ERROR::Shader::FRAGMENT::COMPILATION_FAILED

[Sat Aug  3 12:44:02 2024] [NEWLOG] Log Started
[Sat Aug  3 12:44:03 2024] [INFO] 

GLFW Initialized
[Sat Aug  3 12:44:03 2024] [INFO] Application started
[Sat Aug  3 12:44:03 2024] [INFO] Processing Children Node : 0
[Sat Aug  3 12:44:03 2024] [INFO] Processing Main Node : 0
[Sat Aug  3 12:44:03 2024] [INFO] IBO Count : 36
[Sat Aug  3 12:44:03 2024] [INFO] Processing Children Node : 0
[Sat Aug  3 12:44:03 2024] [INFO] Processing Main Node : 0
[Sat Aug  3 12:44:03 2024] [INFO] IBO Count : 2880
[Sat Aug  3 12:44:03 2024] [ERROR] ERROR::Shader::FRAGMENT::COMPILATION_FAILED

[Sat Aug  3 12:45:17 2024] [NEWLOG] Log Started
[Sat Aug  3 12:45:17 2024] [INFO] GLFW Initialized
[Sat Aug  3 12:45:17 2024] [INFO] Application started
[Sat Aug  3 12:45:17 2024] [INFO] Processing Children Node : 0
[Sat Aug  3 12:45:17 2024] [INFO] Processing Main Node : 0
[Sat Aug  3 12:45:17 2024] [INFO] IBO Count : 36
[Sat Aug  3 12:45:17 2024] [INFO] Processing Children Node : 0
[Sat Aug  3 12:45:17 2024] [INFO] Processing Main Node : 0
[Sat Aug  3 12:45:17 2024] [INFO] IBO Count : 2880
[Sat Aug  3 12:45:17 2024] [ERROR] ERROR::Shader::FRAGMENT::COMPILATION_FAILED

[Sat Aug  3 13:11:26 2024] [NEWLOG] Log Started
[Sat Aug  3 13:11:26 2024] [INFO] GLFW Initialized
[Sat Aug  3 13:11:26 2024] [INFO] Application started
[Sat Aug  3 13:11:26 2024] [INFO] Processing Children Node : 0
[Sat Aug  3 13:11:26 2024] [INFO] Processing Main Node : 0
[Sat Aug  3 13:11:26 2024] [INFO] IBO Count : 36
[Sat Aug  3 13:11:26 2024] [INFO] Processing Children Node : 0
[Sat Aug  3 13:11:26 2024] [INFO] Processing Main Node : 0
[Sat Aug  3 13:11:26 2024] [INFO] IBO Count : 2880
[Sat Aug  3 13:11:32 2024] [INFO] Clicked button : Sphere_0

[Sat Aug  3 13:17:23 2024] [NEWLOG] Log Started
[Sat Aug  3 13:17:23 2024] [INFO] GLFW Initialized
[Sat Aug  3 13:17:23 2024] [INFO] Application started
[Sat Aug  3 13:17:23 2024] [INFO] Processing Children Node : 0
[Sat Aug  3 13:17:23 2024] [INFO] Processing Main Node : 0
[Sat Aug  3 13:17:23 2024] [INFO] IBO Count : 36
[Sat Aug  3 13:17:23 2024] [INFO] Processing Children Node : 0
[Sat Aug  3 13:17:23 2024] [INFO] Processing Main Node : 0
[Sat Aug  3 13:17:23 2024] [INFO] IBO Count : 2880
[Sat Aug  3 13:28:51 2024] [NEWLOG] Log Started
[Sat Aug  3 13:28:51 2024] [INFO] GLFW Initialized
[Sat Aug  3 13:28:51 2024] [INFO] Layout is unknown adding the new map now
[Sat Aug  3 13:29:09 2024] [NEWLOG] Log Started
[Sat Aug  3 13:29:09 2024] [INFO] GLFW Initialized
[Sat Aug  3 13:29:09 2024] [INFO] Layout is unknown adding the new map now
[Sat Aug  3 13:29:23 2024] [NEWLOG] Log Started
[Sat Aug  3 13:29:23 2024] [INFO] GLFW Initialized
[Sat Aug  3 13:29:23 2024] [INFO] Layout is unknown adding the new map now
[Sat Aug  3 13:29:23 2024] [INFO] Dir Added : ./res/Shaders/
[Sat Aug  3 13:29:23 2024] [INFO] Application started
[Sat Aug  3 13:29:23 2024] [INFO] Processing Children Node : 0
[Sat Aug  3 13:29:23 2024] [INFO] Processing Main Node : 0
[Sat Aug  3 13:29:23 2024] [INFO] IBO Count : 36
[Sat Aug  3 13:29:23 2024] [INFO] Processing Children Node : 0
[Sat Aug  3 13:29:23 2024] [INFO] Processing Main Node : 0
[Sat Aug  3 13:29:23 2024] [INFO] IBO Count : 2880
[Sat Aug  3 13:29:23 2024] [INFO] Layout is unknown adding the new map now
[Sat Aug  3 13:29:23 2024] [INFO] Dir Added : ./res/Shaders/Normal/
[Sat Aug  3 13:29:23 2024] [INFO] Layout already predefined : ./res/Shaders/Normal/
[Sat Aug  3 13:29:23 2024] [INFO] ==> Duplicate entry register : Sphere
[Sat Aug  3 13:29:23 2024] [INFO] Layout already predefined : ./res/Shaders/Normal/
[Sat Aug  3 13:29:23 2024] [INFO] Layout already predefined : ./res/Shaders/Normal/
[Sat Aug  3 13:29:23 2024] [INFO] ==> Duplicate entry register : Cube
[Sat Aug  3 13:29:23 2024] [INFO] Layout already predefined : ./res/Shaders/Normal/
[Sat Aug  3 13:29:23 2024] [INFO] Layout already predefined : ./res/Shaders/Normal/
